0 info it worked if it ends with ok
1 verbose cli [ 'node',
1 verbose cli   '/usr/local/bin/npm',
1 verbose cli   'install',
1 verbose cli   '--save',
1 verbose cli   'express',
1 verbose cli   'express-session',
1 verbose cli   'express-collection',
1 verbose cli   'ejs',
1 verbose cli   'body-parser',
1 verbose cli   'pg',
1 verbose cli   'lodash',
1 verbose cli   'sequelize',
1 verbose cli   'sequelize-cli',
1 verbose cli   'bcrypt' ]
2 info using npm@1.4.28
3 info using node@v0.10.33
4 verbose cache add [ 'express', null ]
5 verbose cache add name=undefined spec="express" args=["express",null]
6 verbose parsed url { protocol: null,
6 verbose parsed url   slashes: null,
6 verbose parsed url   auth: null,
6 verbose parsed url   host: null,
6 verbose parsed url   port: null,
6 verbose parsed url   hostname: null,
6 verbose parsed url   hash: null,
6 verbose parsed url   search: null,
6 verbose parsed url   query: null,
6 verbose parsed url   pathname: 'express',
6 verbose parsed url   path: 'express',
6 verbose parsed url   href: 'express' }
7 verbose cache add [ 'express-session', null ]
8 verbose cache add name=undefined spec="express-session" args=["express-session",null]
9 verbose parsed url { protocol: null,
9 verbose parsed url   slashes: null,
9 verbose parsed url   auth: null,
9 verbose parsed url   host: null,
9 verbose parsed url   port: null,
9 verbose parsed url   hostname: null,
9 verbose parsed url   hash: null,
9 verbose parsed url   search: null,
9 verbose parsed url   query: null,
9 verbose parsed url   pathname: 'express-session',
9 verbose parsed url   path: 'express-session',
9 verbose parsed url   href: 'express-session' }
10 verbose cache add [ 'express-collection', null ]
11 verbose cache add name=undefined spec="express-collection" args=["express-collection",null]
12 verbose parsed url { protocol: null,
12 verbose parsed url   slashes: null,
12 verbose parsed url   auth: null,
12 verbose parsed url   host: null,
12 verbose parsed url   port: null,
12 verbose parsed url   hostname: null,
12 verbose parsed url   hash: null,
12 verbose parsed url   search: null,
12 verbose parsed url   query: null,
12 verbose parsed url   pathname: 'express-collection',
12 verbose parsed url   path: 'express-collection',
12 verbose parsed url   href: 'express-collection' }
13 verbose cache add [ 'ejs', null ]
14 verbose cache add name=undefined spec="ejs" args=["ejs",null]
15 verbose parsed url { protocol: null,
15 verbose parsed url   slashes: null,
15 verbose parsed url   auth: null,
15 verbose parsed url   host: null,
15 verbose parsed url   port: null,
15 verbose parsed url   hostname: null,
15 verbose parsed url   hash: null,
15 verbose parsed url   search: null,
15 verbose parsed url   query: null,
15 verbose parsed url   pathname: 'ejs',
15 verbose parsed url   path: 'ejs',
15 verbose parsed url   href: 'ejs' }
16 verbose cache add [ 'body-parser', null ]
17 verbose cache add name=undefined spec="body-parser" args=["body-parser",null]
18 verbose parsed url { protocol: null,
18 verbose parsed url   slashes: null,
18 verbose parsed url   auth: null,
18 verbose parsed url   host: null,
18 verbose parsed url   port: null,
18 verbose parsed url   hostname: null,
18 verbose parsed url   hash: null,
18 verbose parsed url   search: null,
18 verbose parsed url   query: null,
18 verbose parsed url   pathname: 'body-parser',
18 verbose parsed url   path: 'body-parser',
18 verbose parsed url   href: 'body-parser' }
19 verbose cache add [ 'pg', null ]
20 verbose cache add name=undefined spec="pg" args=["pg",null]
21 verbose parsed url { protocol: null,
21 verbose parsed url   slashes: null,
21 verbose parsed url   auth: null,
21 verbose parsed url   host: null,
21 verbose parsed url   port: null,
21 verbose parsed url   hostname: null,
21 verbose parsed url   hash: null,
21 verbose parsed url   search: null,
21 verbose parsed url   query: null,
21 verbose parsed url   pathname: 'pg',
21 verbose parsed url   path: 'pg',
21 verbose parsed url   href: 'pg' }
22 verbose cache add [ 'lodash', null ]
23 verbose cache add name=undefined spec="lodash" args=["lodash",null]
24 verbose parsed url { protocol: null,
24 verbose parsed url   slashes: null,
24 verbose parsed url   auth: null,
24 verbose parsed url   host: null,
24 verbose parsed url   port: null,
24 verbose parsed url   hostname: null,
24 verbose parsed url   hash: null,
24 verbose parsed url   search: null,
24 verbose parsed url   query: null,
24 verbose parsed url   pathname: 'lodash',
24 verbose parsed url   path: 'lodash',
24 verbose parsed url   href: 'lodash' }
25 verbose cache add [ 'sequelize', null ]
26 verbose cache add name=undefined spec="sequelize" args=["sequelize",null]
27 verbose parsed url { protocol: null,
27 verbose parsed url   slashes: null,
27 verbose parsed url   auth: null,
27 verbose parsed url   host: null,
27 verbose parsed url   port: null,
27 verbose parsed url   hostname: null,
27 verbose parsed url   hash: null,
27 verbose parsed url   search: null,
27 verbose parsed url   query: null,
27 verbose parsed url   pathname: 'sequelize',
27 verbose parsed url   path: 'sequelize',
27 verbose parsed url   href: 'sequelize' }
28 verbose cache add [ 'sequelize-cli', null ]
29 verbose cache add name=undefined spec="sequelize-cli" args=["sequelize-cli",null]
30 verbose parsed url { protocol: null,
30 verbose parsed url   slashes: null,
30 verbose parsed url   auth: null,
30 verbose parsed url   host: null,
30 verbose parsed url   port: null,
30 verbose parsed url   hostname: null,
30 verbose parsed url   hash: null,
30 verbose parsed url   search: null,
30 verbose parsed url   query: null,
30 verbose parsed url   pathname: 'sequelize-cli',
30 verbose parsed url   path: 'sequelize-cli',
30 verbose parsed url   href: 'sequelize-cli' }
31 verbose cache add [ 'bcrypt', null ]
32 verbose cache add name=undefined spec="bcrypt" args=["bcrypt",null]
33 verbose parsed url { protocol: null,
33 verbose parsed url   slashes: null,
33 verbose parsed url   auth: null,
33 verbose parsed url   host: null,
33 verbose parsed url   port: null,
33 verbose parsed url   hostname: null,
33 verbose parsed url   hash: null,
33 verbose parsed url   search: null,
33 verbose parsed url   query: null,
33 verbose parsed url   pathname: 'bcrypt',
33 verbose parsed url   path: 'bcrypt',
33 verbose parsed url   href: 'bcrypt' }
34 silly lockFile f3c62de4-express express
35 verbose lock express /Users/wyomingtelford/.npm/f3c62de4-express.lock
36 silly lockFile 6ca9c35e-express-session express-session
37 verbose lock express-session /Users/wyomingtelford/.npm/6ca9c35e-express-session.lock
38 silly lockFile 0da62273-express-collection express-collection
39 verbose lock express-collection /Users/wyomingtelford/.npm/0da62273-express-collection.lock
40 silly lockFile 75eeca8f-ejs ejs
41 verbose lock ejs /Users/wyomingtelford/.npm/75eeca8f-ejs.lock
42 silly lockFile 14cf125c-body-parser body-parser
43 verbose lock body-parser /Users/wyomingtelford/.npm/14cf125c-body-parser.lock
44 silly lockFile 96dd8d96-pg pg
45 verbose lock pg /Users/wyomingtelford/.npm/96dd8d96-pg.lock
46 silly lockFile 901466a5-lodash lodash
47 verbose lock lodash /Users/wyomingtelford/.npm/901466a5-lodash.lock
48 silly lockFile 35595a70-sequelize sequelize
49 verbose lock sequelize /Users/wyomingtelford/.npm/35595a70-sequelize.lock
50 silly lockFile bb1125fd-sequelize-cli sequelize-cli
51 verbose lock sequelize-cli /Users/wyomingtelford/.npm/bb1125fd-sequelize-cli.lock
52 silly lockFile 51684124-bcrypt bcrypt
53 verbose lock bcrypt /Users/wyomingtelford/.npm/51684124-bcrypt.lock
54 silly lockFile f3c62de4-express express
55 silly lockFile f3c62de4-express express
56 silly lockFile 6ca9c35e-express-session express-session
57 silly lockFile 6ca9c35e-express-session express-session
58 silly lockFile 75eeca8f-ejs ejs
59 silly lockFile 75eeca8f-ejs ejs
60 silly lockFile 96dd8d96-pg pg
61 silly lockFile 96dd8d96-pg pg
62 silly lockFile 14cf125c-body-parser body-parser
63 silly lockFile 14cf125c-body-parser body-parser
64 silly lockFile 0da62273-express-collection express-collection
65 silly lockFile 0da62273-express-collection express-collection
66 silly lockFile 901466a5-lodash lodash
67 silly lockFile 901466a5-lodash lodash
68 verbose addNamed [ 'express', '' ]
69 verbose addNamed [ null, '*' ]
70 silly lockFile 64a534c1-express express@
71 verbose lock express@ /Users/wyomingtelford/.npm/64a534c1-express.lock
72 verbose addNamed [ 'express-session', '' ]
73 verbose addNamed [ null, '*' ]
74 silly lockFile 03cac062-express-session express-session@
75 verbose lock express-session@ /Users/wyomingtelford/.npm/03cac062-express-session.lock
76 verbose addNamed [ 'ejs', '' ]
77 verbose addNamed [ null, '*' ]
78 silly lockFile bcdf6e5f-ejs ejs@
79 verbose lock ejs@ /Users/wyomingtelford/.npm/bcdf6e5f-ejs.lock
80 verbose addNamed [ 'pg', '' ]
81 verbose addNamed [ null, '*' ]
82 silly lockFile 48c85ce3-pg pg@
83 verbose lock pg@ /Users/wyomingtelford/.npm/48c85ce3-pg.lock
84 verbose addNamed [ 'body-parser', '' ]
85 verbose addNamed [ null, '*' ]
86 silly lockFile 9f665704-body-parser body-parser@
87 verbose lock body-parser@ /Users/wyomingtelford/.npm/9f665704-body-parser.lock
88 verbose addNamed [ 'express-collection', '' ]
89 verbose addNamed [ null, '*' ]
90 silly lockFile b8a06b96-express-collection express-collection@
91 verbose lock express-collection@ /Users/wyomingtelford/.npm/b8a06b96-express-collection.lock
92 silly lockFile bb1125fd-sequelize-cli sequelize-cli
93 silly lockFile bb1125fd-sequelize-cli sequelize-cli
94 silly lockFile 35595a70-sequelize sequelize
95 silly lockFile 35595a70-sequelize sequelize
96 verbose addNamed [ 'lodash', '' ]
97 verbose addNamed [ null, '*' ]
98 silly lockFile f856e425-lodash lodash@
99 verbose lock lodash@ /Users/wyomingtelford/.npm/f856e425-lodash.lock
100 silly lockFile 51684124-bcrypt bcrypt
101 silly lockFile 51684124-bcrypt bcrypt
102 verbose addNamed [ 'sequelize-cli', '' ]
103 verbose addNamed [ null, '*' ]
104 silly lockFile f819e9f1-sequelize-cli sequelize-cli@
105 verbose lock sequelize-cli@ /Users/wyomingtelford/.npm/f819e9f1-sequelize-cli.lock
106 verbose addNamed [ 'sequelize', '' ]
107 verbose addNamed [ null, '*' ]
108 silly lockFile 57143dcb-sequelize sequelize@
109 verbose lock sequelize@ /Users/wyomingtelford/.npm/57143dcb-sequelize.lock
110 silly addNameRange { name: 'express', range: '*', hasData: false }
111 silly addNameRange { name: 'express-session', range: '*', hasData: false }
112 silly addNameRange { name: 'ejs', range: '*', hasData: false }
113 silly addNameRange { name: 'pg', range: '*', hasData: false }
114 silly addNameRange { name: 'body-parser', range: '*', hasData: false }
115 verbose addNamed [ 'bcrypt', '' ]
116 verbose addNamed [ null, '*' ]
117 silly lockFile 1351601c-bcrypt bcrypt@
118 verbose lock bcrypt@ /Users/wyomingtelford/.npm/1351601c-bcrypt.lock
119 silly addNameRange { name: 'express-collection', range: '*', hasData: false }
120 silly addNameRange { name: 'lodash', range: '*', hasData: false }
121 silly addNameRange { name: 'sequelize-cli', range: '*', hasData: false }
122 silly addNameRange { name: 'sequelize', range: '*', hasData: false }
123 verbose request where is /express-collection
124 verbose request registry https://registry.npmjs.org/
125 verbose request id 4b10b03fcfd62fa2
126 verbose url raw /express-collection
127 verbose url resolving [ 'https://registry.npmjs.org/', './express-collection' ]
128 verbose url resolved https://registry.npmjs.org/express-collection
129 verbose request where is https://registry.npmjs.org/express-collection
130 info trying registry request attempt 1 at 16:37:13
131 http GET https://registry.npmjs.org/express-collection
132 silly addNameRange { name: 'bcrypt', range: '*', hasData: false }
133 verbose request where is /express-session
134 verbose request registry https://registry.npmjs.org/
135 verbose url raw /express-session
136 verbose url resolving [ 'https://registry.npmjs.org/', './express-session' ]
137 verbose url resolved https://registry.npmjs.org/express-session
138 verbose request where is https://registry.npmjs.org/express-session
139 info trying registry request attempt 1 at 16:37:13
140 verbose etag "5CCJH6AYO62GE35PU387HT9OI"
141 http GET https://registry.npmjs.org/express-session
142 verbose request where is /express
143 verbose request registry https://registry.npmjs.org/
144 verbose url raw /express
145 verbose url resolving [ 'https://registry.npmjs.org/', './express' ]
146 verbose url resolved https://registry.npmjs.org/express
147 verbose request where is https://registry.npmjs.org/express
148 info trying registry request attempt 1 at 16:37:13
149 verbose etag "83SYIU6OB10OFHY7JAF12WEU6"
150 http GET https://registry.npmjs.org/express
151 verbose request where is /ejs
152 verbose request registry https://registry.npmjs.org/
153 verbose url raw /ejs
154 verbose url resolving [ 'https://registry.npmjs.org/', './ejs' ]
155 verbose url resolved https://registry.npmjs.org/ejs
156 verbose request where is https://registry.npmjs.org/ejs
157 info trying registry request attempt 1 at 16:37:13
158 verbose etag "DFS9PA0D97GJNWG4SMGBGXXH0"
159 http GET https://registry.npmjs.org/ejs
160 verbose request where is /body-parser
161 verbose request registry https://registry.npmjs.org/
162 verbose url raw /body-parser
163 verbose url resolving [ 'https://registry.npmjs.org/', './body-parser' ]
164 verbose url resolved https://registry.npmjs.org/body-parser
165 verbose request where is https://registry.npmjs.org/body-parser
166 info trying registry request attempt 1 at 16:37:13
167 verbose etag "9ZX52QTQK7GTWZV2D2YWE5Q9C"
168 http GET https://registry.npmjs.org/body-parser
169 verbose request where is /pg
170 verbose request registry https://registry.npmjs.org/
171 verbose url raw /pg
172 verbose url resolving [ 'https://registry.npmjs.org/', './pg' ]
173 verbose url resolved https://registry.npmjs.org/pg
174 verbose request where is https://registry.npmjs.org/pg
175 info trying registry request attempt 1 at 16:37:13
176 verbose etag "2O1LI6NVMD1WDM1I4Z78GN9E6"
177 http GET https://registry.npmjs.org/pg
178 verbose request where is /lodash
179 verbose request registry https://registry.npmjs.org/
180 verbose url raw /lodash
181 verbose url resolving [ 'https://registry.npmjs.org/', './lodash' ]
182 verbose url resolved https://registry.npmjs.org/lodash
183 verbose request where is https://registry.npmjs.org/lodash
184 info trying registry request attempt 1 at 16:37:13
185 verbose etag "49T88I6UOIQ7IWUDGRRQ0J4DK"
186 http GET https://registry.npmjs.org/lodash
187 verbose request where is /sequelize-cli
188 verbose request registry https://registry.npmjs.org/
189 verbose url raw /sequelize-cli
190 verbose url resolving [ 'https://registry.npmjs.org/', './sequelize-cli' ]
191 verbose url resolved https://registry.npmjs.org/sequelize-cli
192 verbose request where is https://registry.npmjs.org/sequelize-cli
193 info trying registry request attempt 1 at 16:37:13
194 verbose etag "3RUKRIL7I9BIUKBSCCBKDJROX"
195 http GET https://registry.npmjs.org/sequelize-cli
196 verbose request where is /sequelize
197 verbose request registry https://registry.npmjs.org/
198 verbose url raw /sequelize
199 verbose url resolving [ 'https://registry.npmjs.org/', './sequelize' ]
200 verbose url resolved https://registry.npmjs.org/sequelize
201 verbose request where is https://registry.npmjs.org/sequelize
202 info trying registry request attempt 1 at 16:37:13
203 verbose etag "5KACQX6VZH8OKT4WLUSVI7R8F"
204 http GET https://registry.npmjs.org/sequelize
205 verbose request where is /bcrypt
206 verbose request registry https://registry.npmjs.org/
207 verbose url raw /bcrypt
208 verbose url resolving [ 'https://registry.npmjs.org/', './bcrypt' ]
209 verbose url resolved https://registry.npmjs.org/bcrypt
210 verbose request where is https://registry.npmjs.org/bcrypt
211 info trying registry request attempt 1 at 16:37:13
212 verbose etag "30UK8NOWBFMQCFUIU6B3FTM6V"
213 http GET https://registry.npmjs.org/bcrypt
214 http 304 https://registry.npmjs.org/express-session
215 silly registry.get cb [ 304,
215 silly registry.get   { date: 'Sat, 13 Dec 2014 00:37:13 GMT',
215 silly registry.get     server: 'Apache',
215 silly registry.get     via: '1.1 varnish',
215 silly registry.get     'last-modified': 'Sat, 13 Dec 2014 00:37:13 GMT',
215 silly registry.get     'cache-control': 'max-age=60',
215 silly registry.get     etag: '"5CCJH6AYO62GE35PU387HT9OI"',
215 silly registry.get     age: '25',
215 silly registry.get     'x-served-by': 'cache-lax1427-LAX',
215 silly registry.get     'x-cache': 'HIT',
215 silly registry.get     'x-cache-hits': '1',
215 silly registry.get     'x-timer': 'S1418431033.922669,VS0,VE0',
215 silly registry.get     vary: 'Accept',
215 silly registry.get     'content-length': '0',
215 silly registry.get     'keep-alive': 'timeout=10, max=50',
215 silly registry.get     connection: 'Keep-Alive' } ]
216 verbose etag https://registry.npmjs.org/express-session from cache
217 http 304 https://registry.npmjs.org/body-parser
218 silly registry.get cb [ 304,
218 silly registry.get   { date: 'Sat, 13 Dec 2014 00:37:13 GMT',
218 silly registry.get     server: 'Apache',
218 silly registry.get     via: '1.1 varnish',
218 silly registry.get     'last-modified': 'Sat, 13 Dec 2014 00:37:13 GMT',
218 silly registry.get     'cache-control': 'max-age=60',
218 silly registry.get     etag: '"9ZX52QTQK7GTWZV2D2YWE5Q9C"',
218 silly registry.get     age: '25',
218 silly registry.get     'x-served-by': 'cache-lax1421-LAX',
218 silly registry.get     'x-cache': 'HIT',
218 silly registry.get     'x-cache-hits': '1',
218 silly registry.get     'x-timer': 'S1418431033.928031,VS0,VE0',
218 silly registry.get     vary: 'Accept',
218 silly registry.get     'content-length': '0',
218 silly registry.get     'keep-alive': 'timeout=10, max=50',
218 silly registry.get     connection: 'Keep-Alive' } ]
219 verbose etag https://registry.npmjs.org/body-parser from cache
220 http 304 https://registry.npmjs.org/express
221 silly registry.get cb [ 304,
221 silly registry.get   { date: 'Sat, 13 Dec 2014 00:37:13 GMT',
221 silly registry.get     server: 'Apache',
221 silly registry.get     via: '1.1 varnish',
221 silly registry.get     'last-modified': 'Sat, 13 Dec 2014 00:37:13 GMT',
221 silly registry.get     'cache-control': 'max-age=60',
221 silly registry.get     etag: '"83SYIU6OB10OFHY7JAF12WEU6"',
221 silly registry.get     age: '32',
221 silly registry.get     'x-served-by': 'cache-lax1430-LAX',
221 silly registry.get     'x-cache': 'HIT',
221 silly registry.get     'x-cache-hits': '1',
221 silly registry.get     'x-timer': 'S1418431033.930040,VS0,VE1',
221 silly registry.get     vary: 'Accept',
221 silly registry.get     'content-length': '0',
221 silly registry.get     'keep-alive': 'timeout=10, max=50',
221 silly registry.get     connection: 'Keep-Alive' } ]
222 verbose etag https://registry.npmjs.org/express from cache
223 silly addNameRange number 2 { name: 'express-session', range: '*', hasData: true }
224 silly addNameRange versions [ 'express-session',
224 silly addNameRange   [ '1.0.0',
224 silly addNameRange     '1.0.1',
224 silly addNameRange     '1.0.2',
224 silly addNameRange     '1.0.3',
224 silly addNameRange     '1.0.4',
224 silly addNameRange     '1.1.0',
224 silly addNameRange     '1.2.0',
224 silly addNameRange     '1.2.1',
224 silly addNameRange     '1.3.0',
224 silly addNameRange     '1.3.1',
224 silly addNameRange     '1.4.0',
224 silly addNameRange     '1.5.0',
224 silly addNameRange     '1.5.1',
224 silly addNameRange     '1.5.2',
224 silly addNameRange     '1.6.0',
224 silly addNameRange     '1.6.1',
224 silly addNameRange     '1.6.2',
224 silly addNameRange     '1.6.3',
224 silly addNameRange     '1.6.4',
224 silly addNameRange     '1.6.5',
224 silly addNameRange     '1.7.0',
224 silly addNameRange     '1.7.1',
224 silly addNameRange     '1.7.2',
224 silly addNameRange     '1.7.3',
224 silly addNameRange     '1.7.4',
224 silly addNameRange     '1.7.5',
224 silly addNameRange     '1.7.6',
224 silly addNameRange     '1.8.0',
224 silly addNameRange     '1.8.1',
224 silly addNameRange     '1.8.2',
224 silly addNameRange     '1.9.0',
224 silly addNameRange     '1.9.1',
224 silly addNameRange     '1.9.2',
224 silly addNameRange     '1.9.3' ] ]
225 verbose addNamed [ 'express-session', '1.9.3' ]
226 verbose addNamed [ '1.9.3', '1.9.3' ]
227 silly lockFile b367e894-express-session-1-9-3 express-session@1.9.3
228 verbose lock express-session@1.9.3 /Users/wyomingtelford/.npm/b367e894-express-session-1-9-3.lock
229 silly addNameRange number 2 { name: 'body-parser', range: '*', hasData: true }
230 silly addNameRange versions [ 'body-parser',
230 silly addNameRange   [ '1.0.0',
230 silly addNameRange     '1.0.1',
230 silly addNameRange     '1.0.2',
230 silly addNameRange     '1.1.0',
230 silly addNameRange     '1.1.1',
230 silly addNameRange     '1.1.2',
230 silly addNameRange     '1.2.0',
230 silly addNameRange     '1.2.1',
230 silly addNameRange     '1.2.2',
230 silly addNameRange     '1.3.0',
230 silly addNameRange     '1.3.1',
230 silly addNameRange     '1.4.0',
230 silly addNameRange     '1.4.1',
230 silly addNameRange     '1.4.2',
230 silly addNameRange     '1.4.3',
230 silly addNameRange     '1.5.0',
230 silly addNameRange     '1.5.1',
230 silly addNameRange     '1.5.2',
230 silly addNameRange     '1.6.0',
230 silly addNameRange     '1.6.1',
230 silly addNameRange     '1.6.2',
230 silly addNameRange     '1.6.3',
230 silly addNameRange     '1.6.4',
230 silly addNameRange     '1.6.5',
230 silly addNameRange     '1.6.6',
230 silly addNameRange     '1.6.7',
230 silly addNameRange     '1.7.0',
230 silly addNameRange     '1.8.0',
230 silly addNameRange     '1.8.1',
230 silly addNameRange     '1.8.2',
230 silly addNameRange     '1.8.3',
230 silly addNameRange     '1.8.4',
230 silly addNameRange     '1.9.0',
230 silly addNameRange     '1.9.1',
230 silly addNameRange     '1.9.2',
230 silly addNameRange     '1.9.3',
230 silly addNameRange     '1.10.0' ] ]
231 verbose addNamed [ 'body-parser', '1.10.0' ]
232 verbose addNamed [ '1.10.0', '1.10.0' ]
233 silly lockFile 17c720c0-body-parser-1-10-0 body-parser@1.10.0
234 verbose lock body-parser@1.10.0 /Users/wyomingtelford/.npm/17c720c0-body-parser-1-10-0.lock
235 silly addNameRange number 2 { name: 'express', range: '*', hasData: true }
236 silly addNameRange versions [ 'express',
236 silly addNameRange   [ '0.14.0',
236 silly addNameRange     '0.14.1',
236 silly addNameRange     '1.0.0',
236 silly addNameRange     '1.0.1',
236 silly addNameRange     '1.0.2',
236 silly addNameRange     '1.0.3',
236 silly addNameRange     '1.0.4',
236 silly addNameRange     '1.0.5',
236 silly addNameRange     '1.0.6',
236 silly addNameRange     '1.0.7',
236 silly addNameRange     '1.0.8',
236 silly addNameRange     '2.0.0',
236 silly addNameRange     '2.1.0',
236 silly addNameRange     '2.1.1',
236 silly addNameRange     '2.2.0',
236 silly addNameRange     '2.2.1',
236 silly addNameRange     '2.2.2',
236 silly addNameRange     '2.3.0',
236 silly addNameRange     '2.3.1',
236 silly addNameRange     '2.3.2',
236 silly addNameRange     '2.3.3',
236 silly addNameRange     '2.3.4',
236 silly addNameRange     '2.3.5',
236 silly addNameRange     '2.3.6',
236 silly addNameRange     '2.3.7',
236 silly addNameRange     '2.3.8',
236 silly addNameRange     '2.3.9',
236 silly addNameRange     '2.3.10',
236 silly addNameRange     '2.3.11',
236 silly addNameRange     '2.3.12',
236 silly addNameRange     '2.4.0',
236 silly addNameRange     '2.4.1',
236 silly addNameRange     '2.4.2',
236 silly addNameRange     '2.4.3',
236 silly addNameRange     '2.4.4',
236 silly addNameRange     '2.4.5',
236 silly addNameRange     '2.4.6',
236 silly addNameRange     '2.4.7',
236 silly addNameRange     '2.5.0',
236 silly addNameRange     '2.5.1',
236 silly addNameRange     '2.5.2',
236 silly addNameRange     '2.5.3',
236 silly addNameRange     '2.5.4',
236 silly addNameRange     '2.5.5',
236 silly addNameRange     '2.5.6',
236 silly addNameRange     '2.5.7',
236 silly addNameRange     '2.5.8',
236 silly addNameRange     '2.5.9',
236 silly addNameRange     '2.5.10',
236 silly addNameRange     '2.5.11',
236 silly addNameRange     '3.0.0',
236 silly addNameRange     '3.0.1',
236 silly addNameRange     '3.0.2',
236 silly addNameRange     '3.0.3',
236 silly addNameRange     '3.0.4',
236 silly addNameRange     '3.0.5',
236 silly addNameRange     '3.0.6',
236 silly addNameRange     '3.1.0',
236 silly addNameRange     '3.1.1',
236 silly addNameRange     '3.1.2',
236 silly addNameRange     '3.2.0',
236 silly addNameRange     '3.2.1',
236 silly addNameRange     '3.2.2',
236 silly addNameRange     '3.2.3',
236 silly addNameRange     '3.2.4',
236 silly addNameRange     '3.2.5',
236 silly addNameRange     '3.2.6',
236 silly addNameRange     '3.3.0',
236 silly addNameRange     '3.3.1',
236 silly addNameRange     '3.3.2',
236 silly addNameRange     '3.3.3',
236 silly addNameRange     '3.3.4',
236 silly addNameRange     '3.3.5',
236 silly addNameRange     '3.3.6',
236 silly addNameRange     '1.0.0-beta',
236 silly addNameRange     '1.0.0-beta2',
236 silly addNameRange     '1.0.0-rc',
236 silly addNameRange     '1.0.0-rc2',
236 silly addNameRange     '1.0.0-rc3',
236 silly addNameRange     '1.0.0-rc4',
236 silly addNameRange     '2.0.0-beta',
236 silly addNameRange     '2.0.0-beta2',
236 silly addNameRange     '2.0.0-beta3',
236 silly addNameRange     '2.0.0-rc',
236 silly addNameRange     '2.0.0-rc2',
236 silly addNameRange     '2.0.0-rc3',
236 silly addNameRange     '3.0.0-alpha1',
236 silly addNameRange     '3.0.0-alpha2',
236 silly addNameRange     '3.0.0-alpha3',
236 silly addNameRange     '3.0.0-alpha4',
236 silly addNameRange     '3.0.0-alpha5',
236 silly addNameRange     '3.0.0-beta1',
236 silly addNameRange     '3.0.0-beta2',
236 silly addNameRange     '3.0.0-beta3',
236 silly addNameRange     '3.0.0-beta4',
236 silly addNameRange     '3.0.0-beta6',
236 silly addNameRange     '3.0.0-beta7',
236 silly addNameRange     '3.0.0-rc1',
236 silly addNameRange     '3.0.0-rc2',
236 silly addNameRange     '3.0.0-rc3',
236 silly addNameRange     '3.0.0-rc4',
236 silly addNameRange     '3.0.0-rc5',
236 silly addNameRange     '3.3.7',
236 silly addNameRange     '3.3.8',
236 silly addNameRange     '3.4.0',
236 silly addNameRange     '3.4.1',
236 silly addNameRange     '3.4.2',
236 silly addNameRange     '3.4.3',
236 silly addNameRange     '3.4.4',
236 silly addNameRange     '3.4.5',
236 silly addNameRange     '3.4.6',
236 silly addNameRange     '3.4.7',
236 silly addNameRange     '3.4.8',
236 silly addNameRange     '4.0.0-rc1',
236 silly addNameRange     '4.0.0-rc2',
236 silly addNameRange     '3.5.0',
236 silly addNameRange     '4.0.0-rc3',
236 silly addNameRange     '4.0.0-rc4',
236 silly addNameRange     '3.5.1',
236 silly addNameRange     '4.0.0',
236 silly addNameRange     '3.5.2',
236 silly addNameRange     '4.1.0',
236 silly addNameRange     '4.1.1',
236 silly addNameRange     '3.5.3',
236 silly addNameRange     '4.1.2',
236 silly addNameRange     '3.6.0',
236 silly addNameRange     '4.2.0',
236 silly addNameRange     '3.7.0',
236 silly addNameRange     '3.8.0',
236 silly addNameRange     '4.3.0',
236 silly addNameRange     '4.3.1',
236 silly addNameRange     '3.8.1',
236 silly addNameRange     '4.3.2',
236 silly addNameRange     '3.9.0',
236 silly addNameRange     '4.4.0',
236 silly addNameRange     '4.4.1',
236 silly addNameRange     '3.10.0',
236 silly addNameRange     '3.10.1',
236 silly addNameRange     '3.10.2',
236 silly addNameRange     '3.10.3',
236 silly addNameRange     '3.10.4',
236 silly addNameRange     '4.4.2',
236 silly addNameRange     '3.10.5',
236 silly addNameRange     '4.4.3',
236 silly addNameRange     '3.11.0',
236 silly addNameRange     '4.4.4',
236 silly addNameRange     '3.12.0',
236 silly addNameRange     '3.12.1',
236 silly addNameRange     '4.4.5',
236 silly addNameRange     '3.13.0',
236 silly addNameRange     '4.5.0',
236 silly addNameRange     '4.5.1',
236 silly addNameRange     '3.14.0',
236 silly addNameRange     '4.6.0',
236 silly addNameRange     '4.6.1',
236 silly addNameRange     '3.15.0',
236 silly addNameRange     '4.7.0',
236 silly addNameRange     '3.15.1',
236 silly addNameRange     '4.7.1',
236 silly addNameRange     '3.15.2',
236 silly addNameRange     '4.7.2',
236 silly addNameRange     '4.7.3',
236 silly addNameRange     '3.15.3',
236 silly addNameRange     '4.7.4',
236 silly addNameRange     '3.16.0',
236 silly addNameRange     '4.8.0',
236 silly addNameRange     '3.16.1',
236 silly addNameRange     '4.8.1',
236 silly addNameRange     '3.16.2',
236 silly addNameRange     '4.8.2',
236 silly addNameRange     '3.16.3',
236 silly addNameRange     '3.16.4',
236 silly addNameRange     '4.8.3',
236 silly addNameRange     '3.16.5',
236 silly addNameRange     '3.16.6',
236 silly addNameRange     '4.8.4',
236 silly addNameRange     '3.16.7',
236 silly addNameRange     '4.8.5',
236 silly addNameRange     '3.16.8',
236 silly addNameRange     '4.8.6',
236 silly addNameRange     '3.16.9',
236 silly addNameRange     '4.8.7',
236 silly addNameRange     '3.16.10',
236 silly addNameRange     '4.8.8',
236 silly addNameRange     '3.17.0',
236 silly addNameRange     '3.17.1',
236 silly addNameRange     '4.9.0',
236 silly addNameRange     '3.17.2',
236 silly addNameRange     '4.9.1',
236 silly addNameRange     '4.9.2',
236 silly addNameRange     '3.17.3',
236 silly addNameRange     '4.9.3',
236 silly addNameRange     '3.17.4',
236 silly addNameRange     '4.9.4',
236 silly addNameRange     '3.17.5',
236 silly addNameRange     '4.9.5',
236 silly addNameRange     '3.17.6',
236 silly addNameRange     '3.17.7',
236 silly addNameRange     '4.9.6',
236 silly addNameRange     '4.9.7',
236 silly addNameRange     '3.17.8',
236 silly addNameRange     '4.9.8',
236 silly addNameRange     '3.18.0',
236 silly addNameRange     '3.18.1',
236 silly addNameRange     '4.10.0',
236 silly addNameRange     '3.18.2',
236 silly addNameRange     '4.10.1',
236 silly addNameRange     '5.0.0-alpha.1',
236 silly addNameRange     '3.18.3',
236 silly addNameRange     '4.10.2',
236 silly addNameRange     '3.18.4',
236 silly addNameRange     '4.10.3',
236 silly addNameRange     '4.10.4',
236 silly addNameRange     '4.10.5',
236 silly addNameRange     '3.18.5' ] ]
237 verbose addNamed [ 'express', '4.10.5' ]
238 verbose addNamed [ '4.10.5', '4.10.5' ]
239 silly lockFile c3db8693-express-4-10-5 express@4.10.5
240 verbose lock express@4.10.5 /Users/wyomingtelford/.npm/c3db8693-express-4-10-5.lock
241 silly lockFile b367e894-express-session-1-9-3 express-session@1.9.3
242 silly lockFile b367e894-express-session-1-9-3 express-session@1.9.3
243 silly lockFile 17c720c0-body-parser-1-10-0 body-parser@1.10.0
244 silly lockFile 17c720c0-body-parser-1-10-0 body-parser@1.10.0
245 http 304 https://registry.npmjs.org/lodash
246 silly registry.get cb [ 304,
246 silly registry.get   { date: 'Sat, 13 Dec 2014 00:37:13 GMT',
246 silly registry.get     server: 'Apache',
246 silly registry.get     via: '1.1 varnish',
246 silly registry.get     'last-modified': 'Sat, 13 Dec 2014 00:25:26 GMT',
246 silly registry.get     'cache-control': 'max-age=60',
246 silly registry.get     etag: '"49T88I6UOIQ7IWUDGRRQ0J4DK"',
246 silly registry.get     age: '26',
246 silly registry.get     'x-served-by': 'cache-lax1421-LAX',
246 silly registry.get     'x-cache': 'HIT',
246 silly registry.get     'x-cache-hits': '197',
246 silly registry.get     'x-timer': 'S1418431033.972142,VS0,VE0',
246 silly registry.get     vary: 'Accept',
246 silly registry.get     'content-length': '0',
246 silly registry.get     'keep-alive': 'timeout=10, max=49',
246 silly registry.get     connection: 'Keep-Alive' } ]
247 verbose etag https://registry.npmjs.org/lodash from cache
248 silly lockFile 03cac062-express-session express-session@
249 silly lockFile 03cac062-express-session express-session@
250 silly lockFile 9f665704-body-parser body-parser@
251 silly lockFile 9f665704-body-parser body-parser@
252 silly lockFile c3db8693-express-4-10-5 express@4.10.5
253 silly lockFile c3db8693-express-4-10-5 express@4.10.5
254 silly lockFile 64a534c1-express express@
255 silly lockFile 64a534c1-express express@
256 silly addNameRange number 2 { name: 'lodash', range: '*', hasData: true }
257 silly addNameRange versions [ 'lodash',
257 silly addNameRange   [ '0.1.0',
257 silly addNameRange     '0.2.0',
257 silly addNameRange     '0.2.1',
257 silly addNameRange     '0.2.2',
257 silly addNameRange     '0.3.0',
257 silly addNameRange     '0.3.1',
257 silly addNameRange     '0.3.2',
257 silly addNameRange     '0.4.0',
257 silly addNameRange     '0.4.1',
257 silly addNameRange     '0.4.2',
257 silly addNameRange     '0.5.0-rc.1',
257 silly addNameRange     '0.5.0',
257 silly addNameRange     '0.5.1',
257 silly addNameRange     '0.5.2',
257 silly addNameRange     '0.6.0',
257 silly addNameRange     '0.6.1',
257 silly addNameRange     '0.7.0',
257 silly addNameRange     '0.8.0',
257 silly addNameRange     '0.8.1',
257 silly addNameRange     '0.8.2',
257 silly addNameRange     '0.9.0',
257 silly addNameRange     '0.9.1',
257 silly addNameRange     '0.9.2',
257 silly addNameRange     '0.10.0',
257 silly addNameRange     '1.0.0-rc.1',
257 silly addNameRange     '1.0.0-rc.2',
257 silly addNameRange     '1.0.0-rc.3',
257 silly addNameRange     '1.0.0',
257 silly addNameRange     '1.0.1',
257 silly addNameRange     '1.1.0',
257 silly addNameRange     '1.1.1',
257 silly addNameRange     '1.2.0',
257 silly addNameRange     '1.2.1',
257 silly addNameRange     '1.3.0',
257 silly addNameRange     '1.3.1',
257 silly addNameRange     '2.0.0',
257 silly addNameRange     '2.1.0',
257 silly addNameRange     '2.2.0',
257 silly addNameRange     '2.2.1',
257 silly addNameRange     '2.3.0',
257 silly addNameRange     '2.4.0',
257 silly addNameRange     '2.4.1' ] ]
258 verbose addNamed [ 'lodash', '2.4.1' ]
259 verbose addNamed [ '2.4.1', '2.4.1' ]
260 silly lockFile 8502be2a-lodash-2-4-1 lodash@2.4.1
261 verbose lock lodash@2.4.1 /Users/wyomingtelford/.npm/8502be2a-lodash-2-4-1.lock
262 silly lockFile 8502be2a-lodash-2-4-1 lodash@2.4.1
263 silly lockFile 8502be2a-lodash-2-4-1 lodash@2.4.1
264 silly lockFile f856e425-lodash lodash@
265 silly lockFile f856e425-lodash lodash@
266 http 404 https://registry.npmjs.org/express-collection
267 verbose headers { date: 'Sat, 13 Dec 2014 00:37:14 GMT',
267 verbose headers   server: 'CouchDB/1.5.0 (Erlang OTP/R14B04)',
267 verbose headers   'content-type': 'application/json',
267 verbose headers   'cache-control': 'max-age=0',
267 verbose headers   'content-length': '52',
267 verbose headers   'accept-ranges': 'bytes',
267 verbose headers   via: '1.1 varnish',
267 verbose headers   age: '0',
267 verbose headers   'x-served-by': 'cache-lax1423-LAX',
267 verbose headers   'x-cache': 'MISS',
267 verbose headers   'x-cache-hits': '0',
267 verbose headers   'x-timer': 'S1418431033.923733,VS0,VE82',
267 verbose headers   'keep-alive': 'timeout=10, max=50',
267 verbose headers   connection: 'Keep-Alive' }
268 silly registry.get cb [ 404,
268 silly registry.get   { date: 'Sat, 13 Dec 2014 00:37:14 GMT',
268 silly registry.get     server: 'CouchDB/1.5.0 (Erlang OTP/R14B04)',
268 silly registry.get     'content-type': 'application/json',
268 silly registry.get     'cache-control': 'max-age=0',
268 silly registry.get     'content-length': '52',
268 silly registry.get     'accept-ranges': 'bytes',
268 silly registry.get     via: '1.1 varnish',
268 silly registry.get     age: '0',
268 silly registry.get     'x-served-by': 'cache-lax1423-LAX',
268 silly registry.get     'x-cache': 'MISS',
268 silly registry.get     'x-cache-hits': '0',
268 silly registry.get     'x-timer': 'S1418431033.923733,VS0,VE82',
268 silly registry.get     'keep-alive': 'timeout=10, max=50',
268 silly registry.get     connection: 'Keep-Alive' } ]
269 silly lockFile b8a06b96-express-collection express-collection@
270 silly lockFile b8a06b96-express-collection express-collection@
271 http 304 https://registry.npmjs.org/pg
272 silly registry.get cb [ 304,
272 silly registry.get   { date: 'Sat, 13 Dec 2014 00:37:13 GMT',
272 silly registry.get     server: 'Apache',
272 silly registry.get     via: '1.1 varnish',
272 silly registry.get     'last-modified': 'Sat, 13 Dec 2014 00:37:14 GMT',
272 silly registry.get     'cache-control': 'max-age=60',
272 silly registry.get     etag: '"2O1LI6NVMD1WDM1I4Z78GN9E6"',
272 silly registry.get     age: '0',
272 silly registry.get     'x-served-by': 'cache-lax1427-LAX',
272 silly registry.get     'x-cache': 'HIT',
272 silly registry.get     'x-cache-hits': '1',
272 silly registry.get     'x-timer': 'S1418431033.970121,VS0,VE47',
272 silly registry.get     vary: 'Accept',
272 silly registry.get     'content-length': '0',
272 silly registry.get     'keep-alive': 'timeout=10, max=49',
272 silly registry.get     connection: 'Keep-Alive' } ]
273 verbose etag https://registry.npmjs.org/pg from cache
274 silly addNameRange number 2 { name: 'pg', range: '*', hasData: true }
275 silly addNameRange versions [ 'pg',
275 silly addNameRange   [ '0.4.1',
275 silly addNameRange     '0.5.0',
275 silly addNameRange     '0.5.1',
275 silly addNameRange     '0.5.2',
275 silly addNameRange     '0.5.3',
275 silly addNameRange     '0.5.4',
275 silly addNameRange     '0.5.5',
275 silly addNameRange     '0.5.6',
275 silly addNameRange     '0.5.7',
275 silly addNameRange     '0.5.8',
275 silly addNameRange     '0.6.0',
275 silly addNameRange     '0.6.1',
275 silly addNameRange     '0.6.2',
275 silly addNameRange     '0.6.3',
275 silly addNameRange     '0.6.4',
275 silly addNameRange     '0.6.5',
275 silly addNameRange     '0.6.6',
275 silly addNameRange     '0.6.7',
275 silly addNameRange     '0.6.8',
275 silly addNameRange     '0.6.9',
275 silly addNameRange     '0.6.10',
275 silly addNameRange     '0.6.11',
275 silly addNameRange     '0.6.12',
275 silly addNameRange     '0.6.13',
275 silly addNameRange     '0.6.14',
275 silly addNameRange     '0.6.15',
275 silly addNameRange     '0.6.16',
275 silly addNameRange     '0.6.17',
275 silly addNameRange     '0.6.18',
275 silly addNameRange     '0.7.0',
275 silly addNameRange     '0.7.1',
275 silly addNameRange     '0.7.2',
275 silly addNameRange     '0.8.0',
275 silly addNameRange     '0.8.1',
275 silly addNameRange     '0.8.2',
275 silly addNameRange     '0.8.3',
275 silly addNameRange     '0.8.4',
275 silly addNameRange     '0.8.6',
275 silly addNameRange     '0.8.7',
275 silly addNameRange     '0.8.8',
275 silly addNameRange     '0.9.0',
275 silly addNameRange     '0.10.0',
275 silly addNameRange     '0.10.2',
275 silly addNameRange     '0.11.1',
275 silly addNameRange     '0.11.2',
275 silly addNameRange     '0.11.3',
275 silly addNameRange     '0.12.0',
275 silly addNameRange     '0.12.1',
275 silly addNameRange     '0.12.3',
275 silly addNameRange     '0.13.0',
275 silly addNameRange     '0.13.1',
275 silly addNameRange     '0.13.3',
275 silly addNameRange     '0.14.0',
275 silly addNameRange     '0.14.1',
275 silly addNameRange     '0.15.0',
275 silly addNameRange     '0.15.1',
275 silly addNameRange     '1.0.0',
275 silly addNameRange     '1.0.1',
275 silly addNameRange     '1.0.2',
275 silly addNameRange     '1.0.3',
275 silly addNameRange     '1.0.4',
275 silly addNameRange     '1.1.0',
275 silly addNameRange     '1.1.1',
275 silly addNameRange     '1.1.2',
275 silly addNameRange     '1.1.3',
275 silly addNameRange     '1.2.0',
275 silly addNameRange     '1.3.0',
275 silly addNameRange     '2.0.0',
275 silly addNameRange     '2.1.0',
275 silly addNameRange     '2.2.0',
275 silly addNameRange     '2.3.0',
275 silly addNameRange     '2.3.1',
275 silly addNameRange     '2.4.0',
275 silly addNameRange     '2.5.0',
275 silly addNameRange     '2.5.1',
275 silly addNameRange     '2.6.0',
275 silly addNameRange     '2.6.1',
275 silly addNameRange     '2.6.2',
275 silly addNameRange     '2.7.0',
275 silly addNameRange     '2.8.0',
275 silly addNameRange     '2.8.1',
275 silly addNameRange     '2.8.2',
275 silly addNameRange     '2.8.3',
275 silly addNameRange     '2.8.4',
275 silly addNameRange     '2.8.5',
275 silly addNameRange     '2.9.0',
275 silly addNameRange     '2.10.0',
275 silly addNameRange     '2.11.0',
275 silly addNameRange     '2.11.1',
275 silly addNameRange     '3.0.2',
275 silly addNameRange     '3.0.3',
275 silly addNameRange     '3.1.0',
275 silly addNameRange     '3.2.0',
275 silly addNameRange     '3.3.0',
275 silly addNameRange     '3.4.0',
275 silly addNameRange     '3.4.1',
275 silly addNameRange     '3.4.2',
275 silly addNameRange     '3.4.3',
275 silly addNameRange     '3.4.4',
275 silly addNameRange     '3.4.5',
275 silly addNameRange     '3.5.0',
275 silly addNameRange     '3.6.0',
275 silly addNameRange     '4.0.0-beta2',
275 silly addNameRange     '3.6.1',
275 silly addNameRange     '3.6.2',
275 silly addNameRange     '3.6.3',
275 silly addNameRange     '4.0.0',
275 silly addNameRange     '4.1.0' ] ]
276 verbose addNamed [ 'pg', '4.1.0' ]
277 verbose addNamed [ '4.1.0', '4.1.0' ]
278 silly lockFile e4192439-pg-4-1-0 pg@4.1.0
279 verbose lock pg@4.1.0 /Users/wyomingtelford/.npm/e4192439-pg-4-1-0.lock
280 silly lockFile e4192439-pg-4-1-0 pg@4.1.0
281 silly lockFile e4192439-pg-4-1-0 pg@4.1.0
282 silly lockFile 48c85ce3-pg pg@
283 silly lockFile 48c85ce3-pg pg@
284 http 304 https://registry.npmjs.org/sequelize
285 silly registry.get cb [ 304,
285 silly registry.get   { date: 'Sat, 13 Dec 2014 00:37:14 GMT',
285 silly registry.get     server: 'Apache',
285 silly registry.get     via: '1.1 varnish',
285 silly registry.get     'last-modified': 'Sat, 13 Dec 2014 00:37:14 GMT',
285 silly registry.get     'cache-control': 'max-age=60',
285 silly registry.get     etag: '"5KACQX6VZH8OKT4WLUSVI7R8F"',
285 silly registry.get     age: '0',
285 silly registry.get     'x-served-by': 'cache-lax1421-LAX',
285 silly registry.get     'x-cache': 'HIT',
285 silly registry.get     'x-cache-hits': '1',
285 silly registry.get     'x-timer': 'S1418431034.017480,VS0,VE41',
285 silly registry.get     vary: 'Accept',
285 silly registry.get     'content-length': '0',
285 silly registry.get     'keep-alive': 'timeout=10, max=48',
285 silly registry.get     connection: 'Keep-Alive' } ]
286 verbose etag https://registry.npmjs.org/sequelize from cache
287 silly addNameRange number 2 { name: 'sequelize', range: '*', hasData: true }
288 silly addNameRange versions [ 'sequelize',
288 silly addNameRange   [ '0.2.2',
288 silly addNameRange     '0.2.3',
288 silly addNameRange     '0.2.4',
288 silly addNameRange     '0.2.5',
288 silly addNameRange     '0.2.6',
288 silly addNameRange     '0.3.0',
288 silly addNameRange     '0.4.0',
288 silly addNameRange     '0.4.1',
288 silly addNameRange     '0.4.2',
288 silly addNameRange     '0.4.3',
288 silly addNameRange     '1.0.0',
288 silly addNameRange     '1.0.1',
288 silly addNameRange     '1.0.2',
288 silly addNameRange     '1.1.0',
288 silly addNameRange     '1.1.1',
288 silly addNameRange     '1.1.2',
288 silly addNameRange     '1.1.3',
288 silly addNameRange     '1.1.4',
288 silly addNameRange     '1.2.0',
288 silly addNameRange     '1.2.1',
288 silly addNameRange     '1.3.0',
288 silly addNameRange     '1.3.1',
288 silly addNameRange     '1.3.2',
288 silly addNameRange     '1.3.3',
288 silly addNameRange     '1.3.4',
288 silly addNameRange     '1.3.5',
288 silly addNameRange     '1.3.6',
288 silly addNameRange     '1.3.7',
288 silly addNameRange     '1.4.0',
288 silly addNameRange     '1.4.1',
288 silly addNameRange     '1.5.0-alpha',
288 silly addNameRange     '1.5.0-beta',
288 silly addNameRange     '1.5.0-beta-2',
288 silly addNameRange     '1.5.0',
288 silly addNameRange     '1.6.0-alpha-1',
288 silly addNameRange     '1.6.0-alpha-2',
288 silly addNameRange     '1.6.0-alpha-3',
288 silly addNameRange     '1.6.0-beta-1',
288 silly addNameRange     '1.6.0-beta-2',
288 silly addNameRange     '1.6.0-beta-3',
288 silly addNameRange     '1.6.0-beta4',
288 silly addNameRange     '1.6.0',
288 silly addNameRange     '1.7.0-alpha1',
288 silly addNameRange     '1.7.0-alpha2',
288 silly addNameRange     '2.0.0-alpha1',
288 silly addNameRange     '2.0.0-alpha2',
288 silly addNameRange     '1.7.0-alpha3',
288 silly addNameRange     '2.0.0-alpha3',
288 silly addNameRange     '1.7.0-beta.0',
288 silly addNameRange     '2.0.0-beta.0',
288 silly addNameRange     '1.7.0-beta.1',
288 silly addNameRange     '2.0.0-beta.1',
288 silly addNameRange     '1.7.0-beta.2',
288 silly addNameRange     '2.0.0-beta.2',
288 silly addNameRange     '1.7.0-beta.3b',
288 silly addNameRange     '2.0.0-beta.3',
288 silly addNameRange     '1.7.0-beta.4a',
288 silly addNameRange     '2.0.0-beta.4',
288 silly addNameRange     '1.7.0-beta.5',
288 silly addNameRange     '2.0.0-beta.5',
288 silly addNameRange     '1.7.0-beta6',
288 silly addNameRange     '2.0.0-beta.6',
288 silly addNameRange     '1.7.0-beta7',
288 silly addNameRange     '2.0.0-beta.7',
288 silly addNameRange     '2.0.0-beta.8',
288 silly addNameRange     '1.7.0-beta8',
288 silly addNameRange     '1.7.0-rc1',
288 silly addNameRange     '2.0.0-dev1',
288 silly addNameRange     '1.7.0-rc2',
288 silly addNameRange     '2.0.0-dev2',
288 silly addNameRange     '1.7.0-rc3',
288 silly addNameRange     '2.0.0-dev3',
288 silly addNameRange     '1.7.0-rc4',
288 silly addNameRange     '2.0.0-dev4',
288 silly addNameRange     '2.0.0-dev5',
288 silly addNameRange     '1.7.0-rc5',
288 silly addNameRange     '1.7.0-rc6',
288 silly addNameRange     '2.0.0-dev6',
288 silly addNameRange     '2.0.0-dev7',
288 silly addNameRange     '1.7.0-rc7',
288 silly addNameRange     '2.0.0-dev8',
288 silly addNameRange     '1.7.0-rc8',
288 silly addNameRange     '1.7.0-rc9',
288 silly addNameRange     '2.0.0-dev9',
288 silly addNameRange     '2.0.0-dev10',
288 silly addNameRange     '1.7.0',
288 silly addNameRange     '1.7.1',
288 silly addNameRange     '1.7.2',
288 silly addNameRange     '1.7.3',
288 silly addNameRange     '2.0.0-dev11',
288 silly addNameRange     '1.7.4',
288 silly addNameRange     '1.7.5',
288 silly addNameRange     '1.7.7',
288 silly addNameRange     '1.7.8',
288 silly addNameRange     '1.7.9',
288 silly addNameRange     '2.0.0-dev12',
288 silly addNameRange     '1.7.10',
288 silly addNameRange     '2.0.0-dev13',
288 silly addNameRange     '2.0.0-rc1',
288 silly addNameRange     '2.0.0-rc2',
288 silly addNameRange     '2.0.0-rc3' ] ]
289 verbose addNamed [ 'sequelize', '2.0.0-rc3' ]
290 verbose addNamed [ '2.0.0-rc3', '2.0.0-rc3' ]
291 silly lockFile f4b8397e-sequelize-2-0-0-rc3 sequelize@2.0.0-rc3
292 verbose lock sequelize@2.0.0-rc3 /Users/wyomingtelford/.npm/f4b8397e-sequelize-2-0-0-rc3.lock
293 silly lockFile f4b8397e-sequelize-2-0-0-rc3 sequelize@2.0.0-rc3
294 silly lockFile f4b8397e-sequelize-2-0-0-rc3 sequelize@2.0.0-rc3
295 silly lockFile 57143dcb-sequelize sequelize@
296 silly lockFile 57143dcb-sequelize sequelize@
297 http 304 https://registry.npmjs.org/bcrypt
298 silly registry.get cb [ 304,
298 silly registry.get   { date: 'Sat, 13 Dec 2014 00:37:14 GMT',
298 silly registry.get     server: 'Apache',
298 silly registry.get     via: '1.1 varnish',
298 silly registry.get     'last-modified': 'Sat, 13 Dec 2014 00:37:14 GMT',
298 silly registry.get     'cache-control': 'max-age=60',
298 silly registry.get     etag: '"30UK8NOWBFMQCFUIU6B3FTM6V"',
298 silly registry.get     age: '0',
298 silly registry.get     'x-served-by': 'cache-lax1423-LAX',
298 silly registry.get     'x-cache': 'HIT',
298 silly registry.get     'x-cache-hits': '1',
298 silly registry.get     'x-timer': 'S1418431034.052492,VS0,VE39',
298 silly registry.get     vary: 'Accept',
298 silly registry.get     'content-length': '0',
298 silly registry.get     'keep-alive': 'timeout=10, max=49',
298 silly registry.get     connection: 'Keep-Alive' } ]
299 verbose etag https://registry.npmjs.org/bcrypt from cache
300 silly addNameRange number 2 { name: 'bcrypt', range: '*', hasData: true }
301 silly addNameRange versions [ 'bcrypt',
301 silly addNameRange   [ '0.1.2',
301 silly addNameRange     '0.2.0',
301 silly addNameRange     '0.2.1',
301 silly addNameRange     '0.1.3',
301 silly addNameRange     '0.2.2',
301 silly addNameRange     '0.2.3',
301 silly addNameRange     '0.2.4',
301 silly addNameRange     '0.3.0',
301 silly addNameRange     '0.3.1',
301 silly addNameRange     '0.3.2',
301 silly addNameRange     '0.4.0',
301 silly addNameRange     '0.4.1',
301 silly addNameRange     '0.5.0',
301 silly addNameRange     '0.6.0',
301 silly addNameRange     '0.7.0',
301 silly addNameRange     '0.7.1',
301 silly addNameRange     '0.7.2',
301 silly addNameRange     '0.7.3',
301 silly addNameRange     '0.7.4',
301 silly addNameRange     '0.7.5',
301 silly addNameRange     '0.7.6',
301 silly addNameRange     '0.7.7',
301 silly addNameRange     '0.7.8',
301 silly addNameRange     '0.8.0' ] ]
302 verbose addNamed [ 'bcrypt', '0.8.0' ]
303 verbose addNamed [ '0.8.0', '0.8.0' ]
304 silly lockFile d33dacdf-bcrypt-0-8-0 bcrypt@0.8.0
305 verbose lock bcrypt@0.8.0 /Users/wyomingtelford/.npm/d33dacdf-bcrypt-0-8-0.lock
306 silly lockFile d33dacdf-bcrypt-0-8-0 bcrypt@0.8.0
307 silly lockFile d33dacdf-bcrypt-0-8-0 bcrypt@0.8.0
308 silly lockFile 1351601c-bcrypt bcrypt@
309 silly lockFile 1351601c-bcrypt bcrypt@
310 http 304 https://registry.npmjs.org/sequelize-cli
311 silly registry.get cb [ 304,
311 silly registry.get   { date: 'Sat, 13 Dec 2014 00:37:13 GMT',
311 silly registry.get     server: 'Apache',
311 silly registry.get     via: '1.1 varnish',
311 silly registry.get     'last-modified': 'Sat, 13 Dec 2014 00:37:14 GMT',
311 silly registry.get     'cache-control': 'max-age=60',
311 silly registry.get     etag: '"3RUKRIL7I9BIUKBSCCBKDJROX"',
311 silly registry.get     age: '0',
311 silly registry.get     'x-served-by': 'cache-lax1430-LAX',
311 silly registry.get     'x-cache': 'MISS',
311 silly registry.get     'x-cache-hits': '0',
311 silly registry.get     'x-timer': 'S1418431033.982638,VS0,VE143',
311 silly registry.get     vary: 'Accept',
311 silly registry.get     'content-length': '0',
311 silly registry.get     'keep-alive': 'timeout=10, max=49',
311 silly registry.get     connection: 'Keep-Alive' } ]
312 verbose etag https://registry.npmjs.org/sequelize-cli from cache
313 silly addNameRange number 2 { name: 'sequelize-cli', range: '*', hasData: true }
314 silly addNameRange versions [ 'sequelize-cli',
314 silly addNameRange   [ '0.0.1',
314 silly addNameRange     '0.0.2',
314 silly addNameRange     '0.0.3',
314 silly addNameRange     '0.0.4',
314 silly addNameRange     '0.1.0',
314 silly addNameRange     '0.1.1',
314 silly addNameRange     '0.2.0',
314 silly addNameRange     '0.2.1',
314 silly addNameRange     '0.2.2',
314 silly addNameRange     '0.2.3',
314 silly addNameRange     '0.2.4',
314 silly addNameRange     '0.2.5',
314 silly addNameRange     '0.2.6',
314 silly addNameRange     '0.3.0',
314 silly addNameRange     '0.3.1',
314 silly addNameRange     '0.3.2',
314 silly addNameRange     '0.3.3' ] ]
315 verbose addNamed [ 'sequelize-cli', '0.3.3' ]
316 verbose addNamed [ '0.3.3', '0.3.3' ]
317 silly lockFile f41726bc-sequelize-cli-0-3-3 sequelize-cli@0.3.3
318 verbose lock sequelize-cli@0.3.3 /Users/wyomingtelford/.npm/f41726bc-sequelize-cli-0-3-3.lock
319 silly lockFile f41726bc-sequelize-cli-0-3-3 sequelize-cli@0.3.3
320 silly lockFile f41726bc-sequelize-cli-0-3-3 sequelize-cli@0.3.3
321 silly lockFile f819e9f1-sequelize-cli sequelize-cli@
322 silly lockFile f819e9f1-sequelize-cli sequelize-cli@
323 http 304 https://registry.npmjs.org/ejs
324 silly registry.get cb [ 304,
324 silly registry.get   { date: 'Sat, 13 Dec 2014 00:37:13 GMT',
324 silly registry.get     server: 'Apache',
324 silly registry.get     via: '1.1 varnish',
324 silly registry.get     'last-modified': 'Sat, 13 Dec 2014 00:37:14 GMT',
324 silly registry.get     'cache-control': 'max-age=60',
324 silly registry.get     etag: '"DFS9PA0D97GJNWG4SMGBGXXH0"',
324 silly registry.get     age: '0',
324 silly registry.get     'x-served-by': 'cache-lax1427-LAX',
324 silly registry.get     'x-cache': 'HIT',
324 silly registry.get     'x-cache-hits': '1',
324 silly registry.get     'x-timer': 'S1418431033.928370,VS0,VE306',
324 silly registry.get     vary: 'Accept',
324 silly registry.get     'content-length': '0',
324 silly registry.get     'keep-alive': 'timeout=10, max=50',
324 silly registry.get     connection: 'Keep-Alive' } ]
325 verbose etag https://registry.npmjs.org/ejs from cache
326 silly addNameRange number 2 { name: 'ejs', range: '*', hasData: true }
327 silly addNameRange versions [ 'ejs',
327 silly addNameRange   [ '0.0.1',
327 silly addNameRange     '0.0.2',
327 silly addNameRange     '0.0.3',
327 silly addNameRange     '0.0.4',
327 silly addNameRange     '0.1.0',
327 silly addNameRange     '0.2.0',
327 silly addNameRange     '0.2.1',
327 silly addNameRange     '0.3.0',
327 silly addNameRange     '0.3.1',
327 silly addNameRange     '0.4.0',
327 silly addNameRange     '0.4.1',
327 silly addNameRange     '0.4.2',
327 silly addNameRange     '0.4.3',
327 silly addNameRange     '0.5.0',
327 silly addNameRange     '0.6.0',
327 silly addNameRange     '0.6.1',
327 silly addNameRange     '0.7.0',
327 silly addNameRange     '0.7.1',
327 silly addNameRange     '0.7.2',
327 silly addNameRange     '0.8.0',
327 silly addNameRange     '0.8.1',
327 silly addNameRange     '0.8.2',
327 silly addNameRange     '0.8.3',
327 silly addNameRange     '0.8.4',
327 silly addNameRange     '0.8.5',
327 silly addNameRange     '0.8.6',
327 silly addNameRange     '0.8.8',
327 silly addNameRange     '1.0.0' ] ]
328 verbose addNamed [ 'ejs', '1.0.0' ]
329 verbose addNamed [ '1.0.0', '1.0.0' ]
330 silly lockFile 3b9d58f7-ejs-1-0-0 ejs@1.0.0
331 verbose lock ejs@1.0.0 /Users/wyomingtelford/.npm/3b9d58f7-ejs-1-0-0.lock
332 silly lockFile 3b9d58f7-ejs-1-0-0 ejs@1.0.0
333 silly lockFile 3b9d58f7-ejs-1-0-0 ejs@1.0.0
334 silly lockFile bcdf6e5f-ejs ejs@
335 silly lockFile bcdf6e5f-ejs ejs@
336 error 404 404 Not Found: express-collection
336 error 404
336 error 404 'express-collection' is not in the npm registry.
336 error 404 You should bug the author to publish it
336 error 404
336 error 404 Note that you can also install from a
336 error 404 tarball, folder, or http url, or git url.
337 error System Darwin 13.4.0
338 error command "node" "/usr/local/bin/npm" "install" "--save" "express" "express-session" "express-collection" "ejs" "body-parser" "pg" "lodash" "sequelize" "sequelize-cli" "bcrypt"
339 error cwd /Users/wyomingtelford/wdi/assignments/week4/TwitLibs
340 error node -v v0.10.33
341 error npm -v 1.4.28
342 error code E404
343 verbose exit [ 1, true ]
